2026-05-20 22:10:43,541 INFO: Server started
2026-05-20 22:10:43,584 INFO: [31m[1mWARNING: This is a development server. Do not use it in a production deployment. Use a production WSGI server instead.[0m
 * Running on http://127.0.0.1:5000
2026-05-20 22:10:43,584 INFO: [33mPress CTRL+C to quit[0m
2026-05-20 22:10:43,586 INFO:  * Restarting with stat
2026-05-20 22:10:44,056 INFO: Server started
2026-05-20 22:10:44,076 WARNING:  * Debugger is active!
2026-05-20 22:10:44,082 INFO:  * Debugger PIN: 632-648-573
2026-05-20 22:11:19,949 INFO: Server started
2026-05-20 22:11:19,978 INFO: [31m[1mWARNING: This is a development server. Do not use it in a production deployment. Use a production WSGI server instead.[0m
 * Running on http://127.0.0.1:5000
2026-05-20 22:11:19,979 INFO: [33mPress CTRL+C to quit[0m
2026-05-20 22:11:19,983 INFO:  * Restarting with stat
2026-05-20 22:11:20,434 INFO: Server started
2026-05-20 22:11:20,450 WARNING:  * Debugger is active!
2026-05-20 22:11:20,453 INFO:  * Debugger PIN: 632-648-573
2026-05-20 22:13:00,000 INFO: Server started
2026-05-20 22:13:00,057 INFO: [31m[1mWARNING: This is a development server. Do not use it in a production deployment. Use a production WSGI server instead.[0m
 * Running on http://127.0.0.1:5000
2026-05-20 22:13:00,057 INFO: [33mPress CTRL+C to quit[0m
2026-05-20 22:13:00,060 INFO:  * Restarting with stat
2026-05-20 22:13:00,413 INFO: Server started
2026-05-20 22:13:00,427 WARNING:  * Debugger is active!
2026-05-20 22:13:00,431 INFO:  * Debugger PIN: 632-648-573
2026-05-20 22:15:54,143 INFO: [31m[1mWARNING: This is a development server. Do not use it in a production deployment. Use a production WSGI server instead.[0m
 * Running on http://127.0.0.1:5000
2026-05-20 22:15:54,144 INFO: [33mPress CTRL+C to quit[0m
2026-05-20 22:15:54,145 INFO:  * Restarting with stat
2026-05-20 22:15:54,635 WARNING:  * Debugger is active!
2026-05-20 22:15:54,640 INFO:  * Debugger PIN: 632-648-573
2026-05-20 22:15:59,616 INFO: 127.0.0.1 - - [20/May/2026 22:15:59] "GET / HTTP/1.1" 200 -
2026-05-20 22:15:59,674 INFO: 127.0.0.1 - - [20/May/2026 22:15:59] "[33mGET /favicon.ico HTTP/1.1[0m" 404 -
2026-05-20 22:29:02,817 INFO:  * Detected change in 'c:\\Project4\\K23CNT1_TTC--Project4\\G9_Trangsuc\\backend\\database\\db.py', reloading
2026-05-20 22:29:02,914 INFO:  * Restarting with stat
2026-05-20 22:29:03,415 WARNING:  * Debugger is active!
2026-05-20 22:29:03,420 INFO:  * Debugger PIN: 632-648-573
2026-05-20 22:29:34,767 INFO:  * Detected change in 'c:\\Project4\\K23CNT1_TTC--Project4\\G9_Trangsuc\\backend\\routes\\product_routes.py', reloading
2026-05-20 22:29:34,822 INFO:  * Restarting with stat
2026-05-20 22:29:35,468 WARNING:  * Debugger is active!
2026-05-20 22:29:35,472 INFO:  * Debugger PIN: 632-648-573
2026-05-20 22:29:51,694 INFO:  * Detected change in 'c:\\Project4\\K23CNT1_TTC--Project4\\G9_Trangsuc\\backend\\routes\\category_routes.py', reloading
2026-05-20 22:29:51,755 INFO:  * Restarting with stat
2026-05-20 22:29:52,173 WARNING:  * Debugger is active!
2026-05-20 22:29:52,177 INFO:  * Debugger PIN: 632-648-573
2026-05-20 22:30:05,327 INFO:  * Detected change in 'c:\\Project4\\K23CNT1_TTC--Project4\\G9_Trangsuc\\backend\\routes\\auth_routes.py', reloading
2026-05-20 22:30:05,417 INFO:  * Restarting with stat
2026-05-20 22:30:05,941 WARNING:  * Debugger is active!
2026-05-20 22:30:05,945 INFO:  * Debugger PIN: 632-648-573
2026-05-20 22:30:18,075 INFO:  * Detected change in 'c:\\Project4\\K23CNT1_TTC--Project4\\G9_Trangsuc\\backend\\routes\\gold_routes.py', reloading
2026-05-20 22:30:18,198 INFO:  * Restarting with stat
2026-05-20 22:30:18,734 WARNING:  * Debugger is active!
2026-05-20 22:30:18,741 INFO:  * Debugger PIN: 632-648-573
2026-05-20 22:30:28,873 INFO:  * Detected change in 'c:\\Project4\\K23CNT1_TTC--Project4\\G9_Trangsuc\\backend\\routes\\news_routes.py', reloading
2026-05-20 22:30:28,979 INFO:  * Restarting with stat
2026-05-20 22:30:29,557 WARNING:  * Debugger is active!
2026-05-20 22:30:29,563 INFO:  * Debugger PIN: 632-648-573
2026-05-20 22:30:48,754 INFO:  * Detected change in 'c:\\Project4\\K23CNT1_TTC--Project4\\G9_Trangsuc\\backend\\utils\\jwt_helper.py', reloading
2026-05-20 22:30:48,819 INFO:  * Restarting with stat
2026-05-20 22:30:49,314 WARNING:  * Debugger is active!
2026-05-20 22:30:49,319 INFO:  * Debugger PIN: 632-648-573
2026-05-20 22:31:08,384 INFO: [31m[1mWARNING: This is a development server. Do not use it in a production deployment. Use a production WSGI server instead.[0m
 * Running on http://127.0.0.1:5000
2026-05-20 22:31:08,384 INFO: [33mPress CTRL+C to quit[0m
2026-05-20 22:31:08,385 INFO:  * Restarting with stat
2026-05-20 22:31:08,910 WARNING:  * Debugger is active!
2026-05-20 22:31:08,918 INFO:  * Debugger PIN: 632-648-573
2026-05-20 22:31:13,062 INFO: 127.0.0.1 - - [20/May/2026 22:31:13] "GET / HTTP/1.1" 200 -
2026-05-20 22:36:41,070 INFO:  * Detected change in 'c:\\Project4\\K23CNT1_TTC--Project4\\G9_Trangsuc\\backend\\database\\db.py', reloading
2026-05-20 22:36:41,137 INFO:  * Restarting with stat
2026-05-20 22:36:41,545 WARNING:  * Debugger is active!
2026-05-20 22:36:41,549 INFO:  * Debugger PIN: 632-648-573
2026-05-20 22:37:49,282 INFO:  * Detected change in 'c:\\Project4\\K23CNT1_TTC--Project4\\G9_Trangsuc\\backend\\routes\\cart_routes.py', reloading
2026-05-20 22:37:49,386 INFO:  * Restarting with stat
2026-05-20 22:37:49,843 WARNING:  * Debugger is active!
2026-05-20 22:37:49,847 INFO:  * Debugger PIN: 632-648-573
2026-05-20 22:38:22,276 INFO:  * Detected change in 'c:\\Project4\\K23CNT1_TTC--Project4\\G9_Trangsuc\\backend\\routes\\order_routes.py', reloading
2026-05-20 22:38:22,330 INFO:  * Restarting with stat
2026-05-20 22:38:22,761 WARNING:  * Debugger is active!
2026-05-20 22:38:22,769 INFO:  * Debugger PIN: 632-648-573
2026-05-20 22:38:39,034 INFO:  * Detected change in 'c:\\Project4\\K23CNT1_TTC--Project4\\G9_Trangsuc\\backend\\routes\\review_routes.py', reloading
2026-05-20 22:38:39,082 INFO:  * Restarting with stat
2026-05-20 22:38:39,558 WARNING:  * Debugger is active!
2026-05-20 22:38:39,563 INFO:  * Debugger PIN: 632-648-573
2026-05-20 22:38:45,634 INFO:  * Detected change in 'c:\\Project4\\K23CNT1_TTC--Project4\\G9_Trangsuc\\backend\\routes\\review_routes.py', reloading
2026-05-20 22:38:45,700 INFO:  * Restarting with stat
2026-05-20 22:38:46,267 WARNING:  * Debugger is active!
2026-05-20 22:38:46,271 INFO:  * Debugger PIN: 632-648-573
2026-05-20 22:38:55,376 INFO:  * Detected change in 'c:\\Project4\\K23CNT1_TTC--Project4\\G9_Trangsuc\\backend\\routes\\dashboard_routes.py', reloading
2026-05-20 22:38:55,443 INFO:  * Restarting with stat
2026-05-20 22:38:55,892 WARNING:  * Debugger is active!
2026-05-20 22:38:55,895 INFO:  * Debugger PIN: 632-648-573
2026-05-20 22:38:59,946 INFO:  * Detected change in 'c:\\Project4\\K23CNT1_TTC--Project4\\G9_Trangsuc\\backend\\routes\\dashboard_routes.py', reloading
2026-05-20 22:39:00,030 INFO:  * Restarting with stat
2026-05-20 22:39:00,606 WARNING:  * Debugger is active!
2026-05-20 22:39:00,610 INFO:  * Debugger PIN: 632-648-573
2026-05-20 22:39:11,736 INFO:  * Detected change in 'c:\\Project4\\K23CNT1_TTC--Project4\\G9_Trangsuc\\backend\\routes\\admin_routes.py', reloading
2026-05-20 22:39:11,802 INFO:  * Restarting with stat
2026-05-20 22:39:12,325 WARNING:  * Debugger is active!
2026-05-20 22:39:12,330 INFO:  * Debugger PIN: 632-648-573
2026-05-20 23:26:30,349 INFO: [31m[1mWARNING: This is a development server. Do not use it in a production deployment. Use a production WSGI server instead.[0m
 * Running on http://127.0.0.1:5000
2026-05-20 23:26:30,350 INFO: [33mPress CTRL+C to quit[0m
2026-05-20 23:26:30,351 INFO:  * Restarting with stat
2026-05-20 23:26:30,755 WARNING:  * Debugger is active!
2026-05-20 23:26:30,760 INFO:  * Debugger PIN: 632-648-573
2026-05-21 00:17:18,062 INFO: [31m[1mWARNING: This is a development server. Do not use it in a production deployment. Use a production WSGI server instead.[0m
 * Running on http://127.0.0.1:5000
2026-05-21 00:17:18,062 INFO: [33mPress CTRL+C to quit[0m
2026-05-21 00:17:18,064 INFO:  * Restarting with stat
2026-05-21 00:17:18,396 WARNING:  * Debugger is active!
2026-05-21 00:17:18,402 INFO:  * Debugger PIN: 632-648-573
2026-05-21 00:18:03,660 INFO: [31m[1mWARNING: This is a development server. Do not use it in a production deployment. Use a production WSGI server instead.[0m
 * Running on http://127.0.0.1:5000
2026-05-21 00:18:03,660 INFO: [33mPress CTRL+C to quit[0m
2026-05-21 00:18:03,661 INFO:  * Restarting with stat
2026-05-21 00:18:04,058 WARNING:  * Debugger is active!
2026-05-21 00:18:04,062 INFO:  * Debugger PIN: 632-648-573
2026-05-21 00:20:33,820 INFO:  * Detected change in 'c:\\Project4\\K23CNT1_TTC--Project4\\G9_Trangsuc\\backend\\app.py', reloading
2026-05-21 00:20:33,877 INFO:  * Restarting with stat
2026-05-21 00:20:34,397 WARNING:  * Debugger is active!
2026-05-21 00:20:34,402 INFO:  * Debugger PIN: 632-648-573
2026-05-21 00:20:50,513 INFO: [31m[1mWARNING: This is a development server. Do not use it in a production deployment. Use a production WSGI server instead.[0m
 * Running on http://127.0.0.1:5000
2026-05-21 00:20:50,513 INFO: [33mPress CTRL+C to quit[0m
2026-05-21 00:20:50,514 INFO:  * Restarting with stat
2026-05-21 00:20:50,899 WARNING:  * Debugger is active!
2026-05-21 00:20:50,906 INFO:  * Debugger PIN: 632-648-573
